<?xml version="1.0" encoding="UTF-8"?>
<!-- Generated by org.testng.reporters.JUnitReportReporter -->
<testsuite hostname="Ashu" failures="0" tests="1" name="com.crm.OrganizationTest.ReadDataTest" time="0.011" errors="0" timestamp="2022-03-14T16:10:34 IST" skipped="0">
  <testcase classname="com.crm.OrganizationTest.ReadDataTest" name="readdatatest" time="0.011"/>
  <system-out/>
</testsuite> <!-- com.crm.OrganizationTest.ReadDataTest -->
